mode: set
github.com/ikafly144/sabalauncher/pkg/ui/fyne/app.go:17.115,27.2 2 1
github.com/ikafly144/sabalauncher/pkg/ui/fyne/app.go:29.25,32.2 2 0
github.com/ikafly144/sabalauncher/pkg/ui/fyne/auth.go:11.34,16.16 3 1
github.com/ikafly144/sabalauncher/pkg/ui/fyne/auth.go:17.32,18.37 1 1
github.com/ikafly144/sabalauncher/pkg/ui/fyne/auth.go:19.32,20.37 1 1
github.com/ikafly144/sabalauncher/pkg/ui/fyne/auth.go:21.31,22.36 1 1
github.com/ikafly144/sabalauncher/pkg/ui/fyne/auth.go:23.28,24.33 1 1
github.com/ikafly144/sabalauncher/pkg/ui/fyne/auth.go:27.2,30.4 1 1
github.com/ikafly144/sabalauncher/pkg/ui/fyne/auth.go:33.59,34.62 1 1
github.com/ikafly144/sabalauncher/pkg/ui/fyne/auth.go:34.62,36.3 1 1
github.com/ikafly144/sabalauncher/pkg/ui/fyne/auth.go:38.2,41.3 1 1
github.com/ikafly144/sabalauncher/pkg/ui/fyne/auth.go:44.59,52.2 2 1
github.com/ikafly144/sabalauncher/pkg/ui/fyne/auth.go:54.58,55.59 1 1
github.com/ikafly144/sabalauncher/pkg/ui/fyne/auth.go:55.59,57.3 1 1
github.com/ikafly144/sabalauncher/pkg/ui/fyne/auth.go:59.2,59.49 1 1
github.com/ikafly144/sabalauncher/pkg/ui/fyne/auth.go:59.49,62.3 2 1
github.com/ikafly144/sabalauncher/pkg/ui/fyne/auth.go:64.2,68.3 1 1
github.com/ikafly144/sabalauncher/pkg/ui/fyne/auth.go:71.55,72.47 1 1
github.com/ikafly144/sabalauncher/pkg/ui/fyne/auth.go:72.47,74.3 1 1
github.com/ikafly144/sabalauncher/pkg/ui/fyne/auth.go:76.2,79.3 1 1
github.com/ikafly144/sabalauncher/pkg/ui/fyne/auth.go:82.32,84.43 2 1
github.com/ikafly144/sabalauncher/pkg/ui/fyne/auth.go:84.43,87.3 2 1
github.com/ikafly144/sabalauncher/pkg/ui/fyne/auth.go:89.2,91.47 2 1
github.com/ikafly144/sabalauncher/pkg/ui/fyne/auth.go:91.47,94.3 2 1
github.com/ikafly144/sabalauncher/pkg/ui/fyne/auth.go:96.2,96.19 1 1
github.com/ikafly144/sabalauncher/pkg/ui/fyne/components.go:10.39,14.39 1 1
github.com/ikafly144/sabalauncher/pkg/ui/fyne/components.go:14.40,14.41 0 0
github.com/ikafly144/sabalauncher/pkg/ui/fyne/profiles.go:9.37,11.16 2 1
github.com/ikafly144/sabalauncher/pkg/ui/fyne/profiles.go:11.16,14.3 2 1
github.com/ikafly144/sabalauncher/pkg/ui/fyne/profiles.go:16.2,17.29 2 1
github.com/ikafly144/sabalauncher/pkg/ui/fyne/profiles.go:17.29,21.38 2 1
github.com/ikafly144/sabalauncher/pkg/ui/fyne/profiles.go:21.38,22.116 1 0
github.com/ikafly144/sabalauncher/pkg/ui/fyne/profiles.go:22.116,23.12 1 0
github.com/ikafly144/sabalauncher/pkg/ui/fyne/profiles.go:23.12,24.71 1 0
github.com/ikafly144/sabalauncher/pkg/ui/fyne/profiles.go:24.71,26.8 1 0
github.com/ikafly144/sabalauncher/pkg/ui/fyne/profiles.go:26.13,28.8 1 0
github.com/ikafly144/sabalauncher/pkg/ui/fyne/profiles.go:33.3,33.17 1 1
github.com/ikafly144/sabalauncher/pkg/ui/fyne/profiles.go:36.2,36.51 1 1
github.com/ikafly144/sabalauncher/pkg/ui/fyne/profiles.go:36.51,38.3 1 1
github.com/ikafly144/sabalauncher/pkg/ui/fyne/profiles.go:40.2,40.53 1 1
github.com/ikafly144/sabalauncher/pkg/ui/fyne/profiles.go:40.53,42.3 1 1
github.com/ikafly144/sabalauncher/pkg/ui/fyne/profiles.go:44.2,50.4 1 1
github.com/ikafly144/sabalauncher/pkg/ui/fyne/profiles.go:53.42,61.75 4 1
github.com/ikafly144/sabalauncher/pkg/ui/fyne/profiles.go:61.75,62.9 1 0
github.com/ikafly144/sabalauncher/pkg/ui/fyne/profiles.go:62.9,63.61 1 0
github.com/ikafly144/sabalauncher/pkg/ui/fyne/profiles.go:63.61,65.5 1 0
github.com/ikafly144/sabalauncher/pkg/ui/fyne/profiles.go:65.10,67.5 1 0
